  Serialization.c
  Unserialization.c
D:\Microsoft Visual studio\2022\WorkSpace\CJSON\CJSON\CJSON\Serialization.c(27,15): warning C4244: “*=”: 从“double”转换到“size_t”，可能丢失数据
D:\Microsoft Visual studio\2022\WorkSpace\CJSON\CJSON\CJSON\Serialization.c(50,15): warning C4244: “*=”: 从“double”转换到“size_t”，可能丢失数据
D:\Microsoft Visual studio\2022\WorkSpace\CJSON\CJSON\CJSON\Serialization.c(74,15): warning C4244: “*=”: 从“double”转换到“size_t”，可能丢失数据
D:\Microsoft Visual studio\2022\WorkSpace\CJSON\CJSON\CJSON\Serialization.c(97,15): warning C4244: “*=”: 从“double”转换到“size_t”，可能丢失数据
D:\Microsoft Visual studio\2022\WorkSpace\CJSON\CJSON\CJSON\Serialization.c(122,38): warning C4133: “函数”: 从“Obj *”到“Array *”的类型不兼容
D:\Microsoft Visual studio\2022\WorkSpace\CJSON\CJSON\CJSON\Serialization.c(126,15): warning C4244: “*=”: 从“double”转换到“size_t”，可能丢失数据
D:\Microsoft Visual studio\2022\WorkSpace\CJSON\CJSON\CJSON\Serialization.c(151,39): warning C4133: “函数”: 从“Obj *”到“Obj *”的类型不兼容
D:\Microsoft Visual studio\2022\WorkSpace\CJSON\CJSON\CJSON\Serialization.c(155,15): warning C4244: “*=”: 从“double”转换到“size_t”，可能丢失数据
D:\Microsoft Visual studio\2022\WorkSpace\CJSON\CJSON\CJSON\Serialization.c(199,46): warning C4018: “<”: 有符号/无符号不匹配
D:\Microsoft Visual studio\2022\WorkSpace\CJSON\CJSON\CJSON\Serialization.c(208,15): warning C4244: “*=”: 从“double”转换到“size_t”，可能丢失数据
D:\Microsoft Visual studio\2022\WorkSpace\CJSON\CJSON\CJSON\Serialization.c(231,15): warning C4244: “*=”: 从“double”转换到“size_t”，可能丢失数据
D:\Microsoft Visual studio\2022\WorkSpace\CJSON\CJSON\CJSON\Serialization.c(255,15): warning C4244: “*=”: 从“double”转换到“size_t”，可能丢失数据
D:\Microsoft Visual studio\2022\WorkSpace\CJSON\CJSON\CJSON\Serialization.c(278,15): warning C4244: “*=”: 从“double”转换到“size_t”，可能丢失数据
D:\Microsoft Visual studio\2022\WorkSpace\CJSON\CJSON\CJSON\Serialization.c(301,15): warning C4244: “*=”: 从“double”转换到“size_t”，可能丢失数据
D:\Microsoft Visual studio\2022\WorkSpace\CJSON\CJSON\CJSON\Serialization.c(320,32): warning C4133: “函数”: 从“Obj *”到“Obj *”的类型不兼容
D:\Microsoft Visual studio\2022\WorkSpace\CJSON\CJSON\CJSON\Serialization.c(324,15): warning C4244: “*=”: 从“double”转换到“size_t”，可能丢失数据
D:\Microsoft Visual studio\2022\WorkSpace\CJSON\CJSON\CJSON\Unserialization.c(27,14): warning C4244: “*=”: 从“double”转换到“size_t”，可能丢失数据
D:\Microsoft Visual studio\2022\WorkSpace\CJSON\CJSON\CJSON\Unserialization.c(552,29): warning C4133: “函数”: 从“void **”到“char **”的类型不兼容
D:\Microsoft Visual studio\2022\WorkSpace\CJSON\CJSON\CJSON\Unserialization.c(559,31): warning C4133: “=”: 从“Obj *”到“Obj *”的类型不兼容
D:\Microsoft Visual studio\2022\WorkSpace\CJSON\CJSON\CJSON\Unserialization.c(564,29): warning C4133: “函数”: 从“void **”到“char **”的类型不兼容
D:\Microsoft Visual studio\2022\WorkSpace\CJSON\CJSON\CJSON\Unserialization.c(585,25): warning C4018: “<”: 有符号/无符号不匹配
  helper.c
D:\Microsoft Visual studio\2022\WorkSpace\CJSON\CJSON\CJSON\helper.c(155,8): warning C4090: “初始化”: 不同的“const”限定符
D:\Microsoft Visual studio\2022\WorkSpace\CJSON\CJSON\CJSON\helper.c(207,19): warning C4133: “函数”: 从“Obj *”到“Obj *”的类型不兼容
D:\Microsoft Visual studio\2022\WorkSpace\CJSON\CJSON\CJSON\helper.c(225,24): warning C4133: “函数”: 从“Obj *”到“Obj *”的类型不兼容
  main.c
  print.c
  test.c
  utilities.c
  正在生成代码...
  CJSON.vcxproj -> D:\Microsoft Visual studio\2022\WorkSpace\CJSON\CJSON\x64\Debug\CJSON.exe
